\BOOKMARK [0][-]{chapter.1}{Algoritmen}{}% 1
\BOOKMARK [1][-]{section.1.1}{Algemeen}{chapter.1}% 2
\BOOKMARK [1][-]{section.1.2}{Binaire hoop}{chapter.1}% 3
\BOOKMARK [2][-]{subsection.1.2.1}{Centrale operaties}{section.1.2}% 4
\BOOKMARK [3][-]{subsubsection*.2}{moveUp}{subsection.1.2.1}% 5
\BOOKMARK [3][-]{subsubsection*.3}{fixHeap}{subsection.1.2.1}% 6
\BOOKMARK [2][-]{subsection.1.2.2}{Element verlagen}{section.1.2}% 7
\BOOKMARK [2][-]{subsection.1.2.3}{Element verhogen}{section.1.2}% 8
\BOOKMARK [2][-]{subsection.1.2.4}{Element verwijderen}{section.1.2}% 9
\BOOKMARK [2][-]{subsection.1.2.5}{Bijhouden van wijzers}{section.1.2}% 10
\BOOKMARK [1][-]{section.1.3}{Binomiale wachtlijn}{chapter.1}% 11
\BOOKMARK [2][-]{subsection.1.3.1}{Centrale operaties}{section.1.3}% 12
\BOOKMARK [3][-]{subsubsection*.4}{moveUp}{subsection.1.3.1}% 13
\BOOKMARK [3][-]{subsubsection*.5}{moveDown}{subsection.1.3.1}% 14
\BOOKMARK [2][-]{subsection.1.3.2}{Element verlagen}{section.1.3}% 15
\BOOKMARK [2][-]{subsection.1.3.3}{Element verhogen}{section.1.3}% 16
\BOOKMARK [3][-]{subsubsection*.6}{Alternatief}{subsection.1.3.3}% 17
\BOOKMARK [2][-]{subsection.1.3.4}{Element verwijderen}{section.1.3}% 18
\BOOKMARK [2][-]{subsection.1.3.5}{Bijhouden van wijzers}{section.1.3}% 19
\BOOKMARK [1][-]{section.1.4}{Leftist heap}{chapter.1}% 20
\BOOKMARK [2][-]{subsection.1.4.1}{Centrale operaties}{section.1.4}% 21
\BOOKMARK [3][-]{subsubsection*.7}{moveUp}{subsection.1.4.1}% 22
\BOOKMARK [3][-]{subsubsection*.8}{moveDown}{subsection.1.4.1}% 23
\BOOKMARK [2][-]{subsection.1.4.2}{Element verlagen}{section.1.4}% 24
\BOOKMARK [2][-]{subsection.1.4.3}{Element verhogen}{section.1.4}% 25
\BOOKMARK [2][-]{subsection.1.4.4}{Element verwijderen}{section.1.4}% 26
\BOOKMARK [2][-]{subsection.1.4.5}{Bijhouden van wijzers}{section.1.4}% 27
\BOOKMARK [1][-]{section.1.5}{Skew heap}{chapter.1}% 28
\BOOKMARK [2][-]{subsection.1.5.1}{Centrale operaties}{section.1.5}% 29
\BOOKMARK [2][-]{subsection.1.5.2}{moveUp}{section.1.5}% 30
\BOOKMARK [3][-]{subsubsection*.9}{moveDown}{subsection.1.5.2}% 31
\BOOKMARK [2][-]{subsection.1.5.3}{Element verlagen}{section.1.5}% 32
\BOOKMARK [2][-]{subsection.1.5.4}{Element verhogen}{section.1.5}% 33
\BOOKMARK [2][-]{subsection.1.5.5}{Element verwijderen}{section.1.5}% 34
\BOOKMARK [2][-]{subsection.1.5.6}{Bijhouden van wijzers}{section.1.5}% 35
\BOOKMARK [1][-]{section.1.6}{Pairing heap}{chapter.1}% 36
\BOOKMARK [2][-]{subsection.1.6.1}{Centrale operaties}{section.1.6}% 37
\BOOKMARK [2][-]{subsection.1.6.2}{Element verlagen}{section.1.6}% 38
\BOOKMARK [2][-]{subsection.1.6.3}{Element verhogen}{section.1.6}% 39
\BOOKMARK [2][-]{subsection.1.6.4}{Element verwijderen}{section.1.6}% 40
\BOOKMARK [2][-]{subsection.1.6.5}{Bijhouden van wijzers}{section.1.6}% 41
\BOOKMARK [0][-]{chapter.2}{Tests}{}% 42
\BOOKMARK [0][-]{chapter.3}{Experimenten}{}% 43
\BOOKMARK [1][-]{section.3.1}{Vergelijking van de algoritmen}{chapter.3}% 44
\BOOKMARK [2][-]{subsection.3.1.1}{Insert}{section.3.1}% 45
\BOOKMARK [2][-]{subsection.3.1.2}{Remove-Min}{section.3.1}% 46
\BOOKMARK [2][-]{subsection.3.1.3}{Increase}{section.3.1}% 47
\BOOKMARK [2][-]{subsection.3.1.4}{Decrease}{section.3.1}% 48
\BOOKMARK [2][-]{subsection.3.1.5}{Remove}{section.3.1}% 49
\BOOKMARK [2][-]{subsection.3.1.6}{Willekeurig}{section.3.1}% 50
\BOOKMARK [0][-]{chapter.4}{Besluit}{}% 51
\BOOKMARK [1][-]{section.4.1}{Binaire hoop}{chapter.4}% 52
\BOOKMARK [1][-]{section.4.2}{Binomiale wachtlijn}{chapter.4}% 53
\BOOKMARK [1][-]{section.4.3}{Leftist- \046 Skew heap}{chapter.4}% 54
\BOOKMARK [1][-]{section.4.4}{Pairing heap}{chapter.4}% 55
